<?xml version="1.0" encoding="UTF-8"?>
<!-- Generated by org.testng.reporters.JUnitReportReporter -->
<testsuite skipped="0" hostname="LAPTOP-QQ3CG9LF" name="coreJava.Waystofindoccurenceofeachcharc" tests="3" failures="0" timestamp="2021-10-24T13:07:19 IST" time="0.040" errors="0">
  <testcase name="method1ForeachwithHashmap" time="0.003" classname="coreJava.Waystofindoccurenceofeachcharc"/>
  <system-out/>
  <testcase name="chararrayoccurence" time="0.026" classname="coreJava.Waystofindoccurenceofeachcharc"/>
  <system-out/>
  <testcase name="method2forloopwithHashmap" time="0.011" classname="coreJava.Waystofindoccurenceofeachcharc"/>
  <system-out/>
</testsuite> <!-- coreJava.Waystofindoccurenceofeachcharc -->
