<?xml version="1.0" encoding="UTF-8"?>
<!-- Generated by org.testng.reporters.JUnitReportReporter -->
<testsuite skipped="0" hostname="LAPTOP-QQ3CG9LF" name="practice.Gitdemo" tests="1" failures="0" timestamp="2021-11-20T18:53:27 IST" time="0.010" errors="0">
  <testcase name="phones" time="0.010" classname="practice.Gitdemo"/>
  <system-out/>
</testsuite> <!-- practice.Gitdemo -->
