<?xml version="1.0" encoding="UTF-8"?>
<!-- Generated by org.testng.reporters.JUnitReportReporter -->
<testsuite skipped="0" hostname="LAPTOP-QQ3CG9LF" name="practice.Annotations" tests="1" failures="0" timestamp="2022-01-25T17:00:18 IST" time="0.017" errors="0">
  <testcase name="test3" time="0.017" classname="practice.Annotations"/>
  <system-out/>
</testsuite> <!-- practice.Annotations -->
